  TextEditor.cpp
  callbacks.c
  compress.c
  host.c
  list.c
  packet.c
  peer.c
  protocol.c
  unix.c
  win32.c
  lapi.c
  lauxlib.c
  lbaselib.c
  lcode.c
  lcorolib.c
  lctype.c
  ldblib.c
  ldebug.c
  ldo.c
  ldump.c
  lfunc.c
  Compiling...
  lgc.c
  linit.c
  liolib.c
  llex.c
  lmathlib.c
  lmem.c
  loadlib.c
  lobject.c
  lopcodes.c
  loslib.c
  lparser.c
  lstate.c
  lstring.c
  lstrlib.c
  ltable.c
  ltablib.c
  ltm.c
  lua.c
  luac.c
  lundump.c
  Compiling...
  lutf8lib.c
  lvm.c
  lzio.c
  Generating code
  Previous IPDB not found, fall back to full compilation.
  All 7431 functions were compiled because no usable IPDB/IOBJ from previous compilation was found.
  Finished generating code
  project-umbrella.vcxproj -> C:\Users\Administrator\Desktop\Project\Si-paling-umberela\x64\Release\project-umbrella.exe
